Received: GET / HTTP/1.1
Received: GET / HTTP/1.1
Received: GET / HTTP/1.1
Received: GET / HTTP/1.1
Received: GET / HTTP/1.1
Received: GET / HTTP/1.1
Received: GET / HTTP/1.1
Received: GET / HTTP/1.1
Received: GET / HTTP/1.1
Received: GET / HTTP/1.1
Received: GET / HTTP/1.1
Received: GET / HTTP/1.1
Received: GET / HTTP/1.1
Received: GET / HTTP/1.1
Received: GET / HTTP/1.1
Received: GET / HTTP/1.1
Received: GET / HTTP/1.1
Received: GET / HTTP/1.1
Received: GET / HTTP/1.1
Received: GET / HTTP/1.1
Received: GET / HTTP/1.1
Received: GET / HTTP/1.1
Received: GET / HTTP/1.1
Received: GET / HTTP/1.1
Received: GET /miniWeb.html HTTP/1.1
Received: GET /miniWeb.html HTTP/1.1
Received: GET /miniWeb.html HTTP/1.1
Received: GET /miniWeb.html HTTP/1.1
Received: GET /miniWeb.html HTTP/1.1
Received: GET /miniWeb.html HTTP/1.1
Received: GET /miniWeb.html HTTP/1.1
Received: GET /miniWeb.html HTTP/1.1
Received: GET /miniWeb.html HTTP/1.1
Received: GET /miniWeb.html HTTP/1.1
Received: GET /miniWeb.html HTTP/1.1
Received: GET /miniWeb.html HTTP/1.1
Received: GET /miniWeb.html HTTP/1.1
Received: GET /miniWeb.html HTTP/1.1
Received: GET /miniWeb.html HTTP/1.1
Received: GET /miniWeb.html HTTP/1.1
Received: GET /miniWeb.html HTTP/1.1
Received: GET /miniWeb.html HTTP/1.1
Received: GET /miniWeb.html HTTP/1.1
Received: GET /miniWeb.html HTTP/1.1
Received: GET /miniWeb.html HTTP/1.1
Received: GET /miniWeb.html HTTP/1.1
Received: GET /miniWeb.html HTTP/1.1
Received: GET /miniWeb.html HTTP/1.1
Received: GET /miniWeb.html HTTP/1.1
Received: GET /miniWeb.html HTTP/1.1
Received: GET /miniWeb.html HTTP/1.1
Received: GET / HTTP/1.1
Received: GET / HTTP/1.1
Received: GET / HTTP/1.1
Received: GET / HTTP/1.1
Received: GET / HTTP/1.1
Received: GET / HTTP/1.1
Received: GET / HTTP/1.1
Received: GET / HTTP/1.1
Received: GET / HTTP/1.1
Received: GET / HTTP/1.1
Received: GET / HTTP/1.1
Received: GET / HTTP/1.1
Received: GET /css/style.css HTTP/1.1
Received: GET / HTTP/1.1
Received: GET /css/style.css HTTP/1.1
Received: GET / HTTP/1.1
Received: GET /css/style.css HTTP/1.1
Received: GET /miniWeb.html HTTP/1.1
Received: GET /images/n2.jpg HTTP/1.1
Received: GET / HTTP/1.1
Received: GET /css/style.css HTTP/1.1
Received: GET /favicon.ico HTTP/1.1
Received: GET /miniWeb.html HTTP/1.1
Received: GET /images/n2.jpg HTTP/1.1
Received: GET / HTTP/1.1
Received: GET /css/style.css HTTP/1.1
Received: GET /favicon.ico HTTP/1.1
Received: GET / HTTP/1.1
Received: GET /css/style.css HTTP/1.1
Received: GET /favicon.ico HTTP/1.1
Received: GET /miniWeb.html HTTP/1.1
Received: GET /images/n2.jpg HTTP/1.1
Received: GET / HTTP/1.1
Received: GET /css/style.css HTTP/1.1
Received: GET /DateAndTime.php HTTP/1.1
Received: GET / HTTP/1.1
Received: GET /css/style.css HTTP/1.1
Received: GET /favicon.ico HTTP/1.1
Received: GET /technique.html HTTP/1.1
Received: GET /images/l1.gif HTTP/1.1
Received: GET / HTTP/1.1
Received: GET /css/style.css HTTP/1.1
Received: GET /miniWeb.html HTTP/1.1
Received: GET /images/n2.jpg HTTP/1.1
Received: GET /ee.html HTTP/1.1
Received: GET / HTTP/1.1
Received: GET /css/style.css HTTP/1.1
Received: GET /miniWeb.html HTTP/1.1
Received: GET /images/n2.jpg HTTP/1.1
Received: GET / HTTP/1.1
Received: GET /css/style.css HTTP/1.1
Received: GET /status HTTP/1.1
Received: GET / HTTP/1.1
Received: GET /css/style.css HTTP/1.1
Received: GET /technique.html HTTP/1.1
Received: GET /images/l1.gif HTTP/1.1
Received: GET /status HTTP/1.1
Received: GET /status HTTP/1.1
Received: GET /status HTTP/1.1
Received: GET /status HTTP/1.1
Received: GET /status HTTP/1.1
Received: GET /status HTTP/1.1
Received: GET / HTTP/1.1
Received: GET /css/style.css HTTP/1.1
Received: GET /DateAndTime.php HTTP/1.1
Received: GET /miniWeb.html HTTP/1.1
Received: GET /images/n2.jpg HTTP/1.1
Received: GET /status HTTP/1.1
Received: GET /status HTTP/1.1
Received: GET /status HTTP/1.1
Received: GET / HTTP/1.1
Received: GET /css/style.css HTTP/1.1
Received: GET /status.html HTTP/1.1
Received: GET / HTTP/1.1
Received: GET /status.html HTTP/1.1
Received: GET / HTTP/1.1
Received: GET / HTTP/1.1
Received: GET / HTTP/1.1
Received: GET /css/style.css HTTP/1.1
Received: GET /favicon.ico HTTP/1.1
Received: GET /status.html HTTP/1.1
Received: GET /status HTTP/1.1
Received: GET /status HTTP/1.1
Received: GET / HTTP/1.1
Received: GET /css/style.css HTTP/1.1
Received: GET /status.html HTTP/1.1
Received: GET /status HTTP/1.1
Received: GET / HTTP/1.1
Received: GET /css/style.css HTTP/1.1
Received: GET /favicon.ico HTTP/1.1
Received: GET /status.html HTTP/1.1
Received: GET / HTTP/1.1
Received: GET /css/style.css HTTP/1.1
Received: GET / HTTP/1.1
Received: GET /css/style.css HTTP/1.1
Received: GET / HTTP/1.1
Received: GET /css/style.css HTTP/1.1
Received: GET / HTTP/1.1
Received: GET /css/style.css HTTP/1.1
Received: GET / HTTP/1.1
Received: GET /css/style.css HTTP/1.1
Received: GET / HTTP/1.1
Received: GET /css/style.css HTTP/1.1
Received: GET / HTTP/1.1
Received: GET /css/style.css HTTP/1.1
Received: GET / HTTP/1.1
Received: GET /css/style.css HTTP/1.1
Received: GET / HTTP/1.1
Received: GET /css/style.css HTTP/1.1
Received: GET / HTTP/1.1
Received: GET /css/style.css HTTP/1.1
Received: GET / HTTP/1.1
Received: GET /css/style.css HTTP/1.1
Received: GET / HTTP/1.1
Received: GET /css/style.css HTTP/1.1
Received: GET / HTTP/1.1
Received: GET /css/style.css HTTP/1.1
Received: GET /DateAndTime.php HTTP/1.1
Received: GET /DateAndTime.html HTTP/1.1
Received: GET / HTTP/1.1
Received: GET /css/style.css HTTP/1.1
Received: GET / HTTP/1.1
Received: GET /css/style.css HTTP/1.1
Received: GET /DateAndTime.php HTTP/1.1
Received: GET /DateAndTime.html HTTP/1.1
Received: GET / HTTP/1.1
Received: GET /css/style.css HTTP/1.1
Received: GET / HTTP/1.1
Received: GET /css/style.css HTTP/1.1
Received: GET /DateAndTime.php HTTP/1.1
Received: GET /DateAndTime.html HTTP/1.1
Received: GET /DateAndTime.html HTTP/1.1
Received: GET /DateAndTime.html HTTP/1.1
Received: GET /DateAndTime.html HTTP/1.1
Received: GET /DateAndTime.html HTTP/1.1
